[2019-03-25T09:55:09,686][INFO ][logstash.runner          ] Starting Logstash {"logstash.version"=>"6.4.2"}
[2019-03-25T09:55:12,388][WARN ][logstash.outputs.elasticsearch] You are using a deprecated config setting "document_type" set in elasticsearch. Deprecated settings will continue to work, but are scheduled for removal from logstash in the future. Document types are being deprecated in Elasticsearch 6.0, and removed entirely in 7.0. You should avoid this feature If you have any questions about this, please visit the #logstash channel on freenode irc. {:name=>"document_type", :plugin=><LogStash::Outputs::ElasticSearch index=>"cache", id=>"04a3b74dedab150241e0c042a39b69e1a7ec384d337f3b5f6f928890ec109a7a", document_id=>"%{id}", hosts=>[//200.198.225.250], document_type=>"cache_type", enable_metric=>true, codec=><LogStash::Codecs::Plain id=>"plain_95f60c7d-b3be-478c-8156-f419e3e2255e", enable_metric=>true, charset=>"UTF-8">, workers=>1, manage_template=>true, template_name=>"logstash", template_overwrite=>false, doc_as_upsert=>false, script_type=>"inline", script_lang=>"painless", script_var_name=>"event", scripted_upsert=>false, retry_initial_interval=>2, retry_max_interval=>64, retry_on_conflict=>1, action=>"index", ssl_certificate_verification=>true, sniffing=>false, sniffing_delay=>5, timeout=>60, pool_max=>1000, pool_max_per_route=>100, resurrect_delay=>5, validate_after_inactivity=>10000, http_compression=>false>}
[2019-03-25T09:55:12,435][WARN ][logstash.outputs.elasticsearch] You are using a deprecated config setting "document_type" set in elasticsearch. Deprecated settings will continue to work, but are scheduled for removal from logstash in the future. Document types are being deprecated in Elasticsearch 6.0, and removed entirely in 7.0. You should avoid this feature If you have any questions about this, please visit the #logstash channel on freenode irc. {:name=>"document_type", :plugin=><LogStash::Outputs::ElasticSearch index=>"calls", id=>"ee2d7d019bb080520a96e8dc9dbb458aa1392a50523cbd9e3b24ab551433f90d", document_id=>"%{id}", hosts=>[//200.198.225.250], document_type=>"call", enable_metric=>true, codec=><LogStash::Codecs::Plain id=>"plain_ed6df113-8827-4744-8c7b-6484ebc5eb4c", enable_metric=>true, charset=>"UTF-8">, workers=>1, manage_template=>true, template_name=>"logstash", template_overwrite=>false, doc_as_upsert=>false, script_type=>"inline", script_lang=>"painless", script_var_name=>"event", scripted_upsert=>false, retry_initial_interval=>2, retry_max_interval=>64, retry_on_conflict=>1, action=>"index", ssl_certificate_verification=>true, sniffing=>false, sniffing_delay=>5, timeout=>60, pool_max=>1000, pool_max_per_route=>100, resurrect_delay=>5, validate_after_inactivity=>10000, http_compression=>false>}
[2019-03-25T09:55:12,463][INFO ][logstash.pipeline        ] Starting pipeline {:pipeline_id=>"main", "pipeline.workers"=>6, "pipeline.batch.size"=>125, "pipeline.batch.delay"=>50}
[2019-03-25T09:55:12,971][INFO ][logstash.outputs.elasticsearch] Elasticsearch pool URLs updated {:changes=>{:removed=>[], :added=>[http://200.198.225.250:9200/]}}
[2019-03-25T09:55:12,980][INFO ][logstash.outputs.elasticsearch] Running health check to see if an Elasticsearch connection is working {:healthcheck_url=>http://200.198.225.250:9200/, :path=>"/"}
[2019-03-25T09:55:13,145][WARN ][logstash.outputs.elasticsearch] Restored connection to ES instance {:url=>"http://200.198.225.250:9200/"}
[2019-03-25T09:55:13,279][INFO ][logstash.outputs.elasticsearch] ES Output version determined {:es_version=>6}
[2019-03-25T09:55:13,282][WARN ][logstash.outputs.elasticsearch] Detected a 6.x and above cluster: the `type` event field won't be used to determine the document _type {:es_version=>6}
[2019-03-25T09:55:13,308][INFO ][logstash.outputs.elasticsearch] New Elasticsearch output {:class=>"LogStash::Outputs::ElasticSearch", :hosts=>["//200.198.225.250"]}
[2019-03-25T09:55:13,325][INFO ][logstash.outputs.elasticsearch] Elasticsearch pool URLs updated {:changes=>{:removed=>[], :added=>[http://200.198.225.250:9200/]}}
[2019-03-25T09:55:13,325][INFO ][logstash.outputs.elasticsearch] Running health check to see if an Elasticsearch connection is working {:healthcheck_url=>http://200.198.225.250:9200/, :path=>"/"}
[2019-03-25T09:55:13,331][WARN ][logstash.outputs.elasticsearch] Restored connection to ES instance {:url=>"http://200.198.225.250:9200/"}
[2019-03-25T09:55:13,331][INFO ][logstash.outputs.elasticsearch] Using mapping template from {:path=>nil}
[2019-03-25T09:55:13,341][INFO ][logstash.outputs.elasticsearch] ES Output version determined {:es_version=>6}
[2019-03-25T09:55:13,341][WARN ][logstash.outputs.elasticsearch] Detected a 6.x and above cluster: the `type` event field won't be used to determine the document _type {:es_version=>6}
[2019-03-25T09:55:13,345][INFO ][logstash.outputs.elasticsearch] New Elasticsearch output {:class=>"LogStash::Outputs::ElasticSearch", :hosts=>["//200.198.225.250"]}
[2019-03-25T09:55:13,353][INFO ][logstash.outputs.elasticsearch] Using mapping template from {:path=>nil}
[2019-03-25T09:55:13,354][INFO ][logstash.outputs.elasticsearch] Attempting to install template {:manage_template=>{"template"=>"logstash-*", "version"=>60001, "settings"=>{"index.refresh_interval"=>"5s"}, "mappings"=>{"_default_"=>{"dynamic_templates"=>[{"message_field"=>{"path_match"=>"message", "match_mapping_type"=>"string", "mapping"=>{"type"=>"text", "norms"=>false}}}, {"string_fields"=>{"match"=>"*", "match_mapping_type"=>"string", "mapping"=>{"type"=>"text", "norms"=>false, "fields"=>{"keyword"=>{"type"=>"keyword", "ignore_above"=>256}}}}}], "properties"=>{"@timestamp"=>{"type"=>"date"}, "@version"=>{"type"=>"keyword"}, "geoip"=>{"dynamic"=>true, "properties"=>{"ip"=>{"type"=>"ip"}, "location"=>{"type"=>"geo_point"}, "latitude"=>{"type"=>"half_float"}, "longitude"=>{"type"=>"half_float"}}}}}}}}
[2019-03-25T09:55:13,364][INFO ][logstash.outputs.elasticsearch] Attempting to install template {:manage_template=>{"template"=>"logstash-*", "version"=>60001, "settings"=>{"index.refresh_interval"=>"5s"}, "mappings"=>{"_default_"=>{"dynamic_templates"=>[{"message_field"=>{"path_match"=>"message", "match_mapping_type"=>"string", "mapping"=>{"type"=>"text", "norms"=>false}}}, {"string_fields"=>{"match"=>"*", "match_mapping_type"=>"string", "mapping"=>{"type"=>"text", "norms"=>false, "fields"=>{"keyword"=>{"type"=>"keyword", "ignore_above"=>256}}}}}], "properties"=>{"@timestamp"=>{"type"=>"date"}, "@version"=>{"type"=>"keyword"}, "geoip"=>{"dynamic"=>true, "properties"=>{"ip"=>{"type"=>"ip"}, "location"=>{"type"=>"geo_point"}, "latitude"=>{"type"=>"half_float"}, "longitude"=>{"type"=>"half_float"}}}}}}}}
[2019-03-25T09:55:13,739][INFO ][logstash.pipeline        ] Pipeline started successfully {:pipeline_id=>"main", :thread=>"#<Thread:0x261b9729 run>"}
[2019-03-25T09:55:13,811][INFO ][logstash.agent           ] Pipelines running {:count=>1, :running_pipelines=>[:main], :non_running_pipelines=>[]}
[2019-03-25T09:55:14,144][INFO ][logstash.agent           ] Successfully started Logstash API endpoint {:port=>9600}
[2019-03-25T09:56:01,809][INFO ][logstash.inputs.jdbc     ] (0.042257s) SELECT CAST(current_setting('server_version_num') AS integer) AS v
[2019-03-25T09:56:01,809][INFO ][logstash.inputs.jdbc     ] (0.038049s) SELECT CAST(current_setting('server_version_num') AS integer) AS v
[2019-03-25T09:56:02,444][INFO ][logstash.inputs.jdbc     ] (0.378493s) SELECT count(*) AS "count" FROM (select * from cache_landmarks where save_date >= '2019-03-22 18:07:00.102453-0300'::timestamp - interval '1 minute' order by save_date) AS "t1" LIMIT 1
[2019-03-25T09:56:02,868][INFO ][logstash.inputs.jdbc     ] (0.802815s) SELECT count(*) AS "count" FROM (select *,'https://'||ip||'/appfiles'||(regexp_matches(path,'\/[^\/]*\/\d{14,15}\/.*'))[1] as link from face_recognition_call where start_date >= '2019-03-22 18:07:00.102454-0300'::timestamp - interval '1 minute'  order by start_date) AS "t1" LIMIT 1
[2019-03-25T09:56:04,272][INFO ][logstash.inputs.jdbc     ] (1.790544s) SELECT * FROM (select * from cache_landmarks where save_date >= '2019-03-22 18:07:00.102453-0300'::timestamp - interval '1 minute' order by save_date) AS "t1" LIMIT 100000 OFFSET 0
[2019-03-25T09:56:04,540][INFO ][logstash.inputs.jdbc     ] (1.655217s) SELECT * FROM (select *,'https://'||ip||'/appfiles'||(regexp_matches(path,'\/[^\/]*\/\d{14,15}\/.*'))[1] as link from face_recognition_call where start_date >= '2019-03-22 18:07:00.102454-0300'::timestamp - interval '1 minute'  order by start_date) AS "t1" LIMIT 100000 OFFSET 0
[2019-03-25T09:59:10,446][INFO ][logstash.inputs.jdbc     ] (0.015347s) SELECT CAST(current_setting('server_version_num') AS integer) AS v
[2019-03-25T09:59:10,672][INFO ][logstash.inputs.jdbc     ] (0.209094s) SELECT count(*) AS "count" FROM (select * from cache_landmarks where save_date >= '2019-03-25 09:56:01.598362-0300'::timestamp - interval '1 minute' order by save_date) AS "t1" LIMIT 1
[2019-03-25T09:59:10,922][INFO ][logstash.inputs.jdbc     ] (0.236749s) SELECT * FROM (select * from cache_landmarks where save_date >= '2019-03-25 09:56:01.598362-0300'::timestamp - interval '1 minute' order by save_date) AS "t1" LIMIT 100000 OFFSET 0
[2019-03-25T09:59:30,906][INFO ][logstash.inputs.jdbc     ] (0.001826s) SELECT CAST(current_setting('server_version_num') AS integer) AS v
[2019-03-25T09:59:31,155][INFO ][logstash.inputs.jdbc     ] (0.204787s) SELECT count(*) AS "count" FROM (select * from cache_landmarks where save_date >= '2019-03-25 09:59:10.401993-0300'::timestamp - interval '1 minute' order by save_date) AS "t1" LIMIT 1
[2019-03-25T09:59:31,386][INFO ][logstash.inputs.jdbc     ] (0.193214s) SELECT * FROM (select * from cache_landmarks where save_date >= '2019-03-25 09:59:10.401993-0300'::timestamp - interval '1 minute' order by save_date) AS "t1" LIMIT 100000 OFFSET 0
[2019-03-25T09:59:31,515][INFO ][logstash.inputs.jdbc     ] (0.014517s) SELECT CAST(current_setting('server_version_num') AS integer) AS v
[2019-03-25T09:59:31,726][INFO ][logstash.inputs.jdbc     ] (0.190588s) SELECT count(*) AS "count" FROM (select * from cache_landmarks where save_date >= '2019-03-25 09:59:30.893197-0300'::timestamp - interval '1 minute' order by save_date) AS "t1" LIMIT 1
[2019-03-25T10:00:00,228][INFO ][logstash.inputs.jdbc     ] (0.001605s) SELECT CAST(current_setting('server_version_num') AS integer) AS v
[2019-03-25T10:00:00,449][INFO ][logstash.inputs.jdbc     ] (0.206435s) SELECT count(*) AS "count" FROM (select * from cache_landmarks where save_date >= '2019-03-25 09:59:31.470660-0300'::timestamp - interval '1 minute' order by save_date) AS "t1" LIMIT 1
[2019-03-25T10:00:00,646][INFO ][logstash.inputs.jdbc     ] (0.189797s) SELECT * FROM (select * from cache_landmarks where save_date >= '2019-03-25 09:59:31.470660-0300'::timestamp - interval '1 minute' order by save_date) AS "t1" LIMIT 100000 OFFSET 0
[2019-03-25T10:00:05,683][INFO ][logstash.inputs.jdbc     ] (0.001581s) SELECT CAST(current_setting('server_version_num') AS integer) AS v
[2019-03-25T10:00:05,703][INFO ][logstash.inputs.jdbc     ] (0.005331s) SELECT count(*) AS "count" FROM (select *,'https://'||ip||'/appfiles'||(regexp_matches(path,'\/[^\/]*\/\d{14,15}\/.*'))[1] as link from face_recognition_call where start_date >= '2019-03-25 09:56:01.600914-0300'::timestamp - interval '1 minute'  order by start_date) AS "t1" LIMIT 1
[2019-03-25T10:00:05,714][INFO ][logstash.inputs.jdbc     ] (0.005167s) SELECT * FROM (select *,'https://'||ip||'/appfiles'||(regexp_matches(path,'\/[^\/]*\/\d{14,15}\/.*'))[1] as link from face_recognition_call where start_date >= '2019-03-25 09:56:01.600914-0300'::timestamp - interval '1 minute'  order by start_date) AS "t1" LIMIT 100000 OFFSET 0
[2019-03-25T10:00:05,798][INFO ][logstash.inputs.jdbc     ] (0.002009s) SELECT CAST(current_setting('server_version_num') AS integer) AS v
[2019-03-25T10:00:05,812][INFO ][logstash.inputs.jdbc     ] (0.003143s) SELECT count(*) AS "count" FROM (select *,'https://'||ip||'/appfiles'||(regexp_matches(path,'\/[^\/]*\/\d{14,15}\/.*'))[1] as link from face_recognition_call where start_date >= '2019-03-25 10:00:05.669676-0300'::timestamp - interval '1 minute'  order by start_date) AS "t1" LIMIT 1
[2019-03-25T10:00:05,819][INFO ][logstash.inputs.jdbc     ] (0.002170s) SELECT * FROM (select *,'https://'||ip||'/appfiles'||(regexp_matches(path,'\/[^\/]*\/\d{14,15}\/.*'))[1] as link from face_recognition_call where start_date >= '2019-03-25 10:00:05.669676-0300'::timestamp - interval '1 minute'  order by start_date) AS "t1" LIMIT 100000 OFFSET 0
[2019-03-25T10:00:05,926][INFO ][logstash.inputs.jdbc     ] (0.015301s) SELECT CAST(current_setting('server_version_num') AS integer) AS v
[2019-03-25T10:00:05,940][INFO ][logstash.inputs.jdbc     ] (0.011132s) SELECT count(*) AS "count" FROM (select *,'https://'||ip||'/appfiles'||(regexp_matches(path,'\/[^\/]*\/\d{14,15}\/.*'))[1] as link from face_recognition_call where start_date >= '2019-03-25 10:00:05.787703-0300'::timestamp - interval '1 minute'  order by start_date) AS "t1" LIMIT 1
[2019-03-25T10:00:05,954][INFO ][logstash.inputs.jdbc     ] (0.010836s) SELECT * FROM (select *,'https://'||ip||'/appfiles'||(regexp_matches(path,'\/[^\/]*\/\d{14,15}\/.*'))[1] as link from face_recognition_call where start_date >= '2019-03-25 10:00:05.787703-0300'::timestamp - interval '1 minute'  order by start_date) AS "t1" LIMIT 100000 OFFSET 0
[2019-03-25T10:00:05,999][INFO ][logstash.inputs.jdbc     ] (0.001928s) SELECT CAST(current_setting('server_version_num') AS integer) AS v
[2019-03-25T10:00:06,004][INFO ][logstash.inputs.jdbc     ] (0.002936s) SELECT count(*) AS "count" FROM (select *,'https://'||ip||'/appfiles'||(regexp_matches(path,'\/[^\/]*\/\d{14,15}\/.*'))[1] as link from face_recognition_call where start_date >= '2019-03-25 10:00:05.909991-0300'::timestamp - interval '1 minute'  order by start_date) AS "t1" LIMIT 1
[2019-03-25T10:00:06,008][INFO ][logstash.inputs.jdbc     ] (0.001899s) SELECT * FROM (select *,'https://'||ip||'/appfiles'||(regexp_matches(path,'\/[^\/]*\/\d{14,15}\/.*'))[1] as link from face_recognition_call where start_date >= '2019-03-25 10:00:05.909991-0300'::timestamp - interval '1 minute'  order by start_date) AS "t1" LIMIT 100000 OFFSET 0
[2019-03-25T10:01:00,313][INFO ][logstash.inputs.jdbc     ] (0.001455s) SELECT CAST(current_setting('server_version_num') AS integer) AS v
[2019-03-25T10:01:00,315][INFO ][logstash.inputs.jdbc     ] (0.001818s) SELECT CAST(current_setting('server_version_num') AS integer) AS v
[2019-03-25T10:01:00,319][INFO ][logstash.inputs.jdbc     ] (0.003785s) SELECT count(*) AS "count" FROM (select *,'https://'||ip||'/appfiles'||(regexp_matches(path,'\/[^\/]*\/\d{14,15}\/.*'))[1] as link from face_recognition_call where start_date >= '2019-03-25 10:00:05.996426-0300'::timestamp - interval '1 minute'  order by start_date) AS "t1" LIMIT 1
[2019-03-25T10:01:00,324][INFO ][logstash.inputs.jdbc     ] (0.002784s) SELECT * FROM (select *,'https://'||ip||'/appfiles'||(regexp_matches(path,'\/[^\/]*\/\d{14,15}\/.*'))[1] as link from face_recognition_call where start_date >= '2019-03-25 10:00:05.996426-0300'::timestamp - interval '1 minute'  order by start_date) AS "t1" LIMIT 100000 OFFSET 0
[2019-03-25T10:01:00,527][INFO ][logstash.inputs.jdbc     ] (0.210164s) SELECT count(*) AS "count" FROM (select * from cache_landmarks where save_date >= '2019-03-25 10:00:00.218058-0300'::timestamp - interval '1 minute' order by save_date) AS "t1" LIMIT 1
[2019-03-25T10:01:00,750][INFO ][logstash.inputs.jdbc     ] (0.220523s) SELECT * FROM (select * from cache_landmarks where save_date >= '2019-03-25 10:00:00.218058-0300'::timestamp - interval '1 minute' order by save_date) AS "t1" LIMIT 100000 OFFSET 0
[2019-03-25T10:02:00,107][INFO ][logstash.inputs.jdbc     ] (0.001579s) SELECT CAST(current_setting('server_version_num') AS integer) AS v
[2019-03-25T10:02:00,107][INFO ][logstash.inputs.jdbc     ] (0.001196s) SELECT CAST(current_setting('server_version_num') AS integer) AS v
[2019-03-25T10:02:00,114][INFO ][logstash.inputs.jdbc     ] (0.004053s) SELECT count(*) AS "count" FROM (select *,'https://'||ip||'/appfiles'||(regexp_matches(path,'\/[^\/]*\/\d{14,15}\/.*'))[1] as link from face_recognition_call where start_date >= '2019-03-25 10:01:00.311398-0300'::timestamp - interval '1 minute'  order by start_date) AS "t1" LIMIT 1
[2019-03-25T10:02:00,121][INFO ][logstash.inputs.jdbc     ] (0.004896s) SELECT * FROM (select *,'https://'||ip||'/appfiles'||(regexp_matches(path,'\/[^\/]*\/\d{14,15}\/.*'))[1] as link from face_recognition_call where start_date >= '2019-03-25 10:01:00.311398-0300'::timestamp - interval '1 minute'  order by start_date) AS "t1" LIMIT 100000 OFFSET 0
[2019-03-25T10:02:00,310][INFO ][logstash.inputs.jdbc     ] (0.200990s) SELECT count(*) AS "count" FROM (select * from cache_landmarks where save_date >= '2019-03-25 10:01:00.313288-0300'::timestamp - interval '1 minute' order by save_date) AS "t1" LIMIT 1
[2019-03-25T10:02:00,499][INFO ][logstash.inputs.jdbc     ] (0.185781s) SELECT * FROM (select * from cache_landmarks where save_date >= '2019-03-25 10:01:00.313288-0300'::timestamp - interval '1 minute' order by save_date) AS "t1" LIMIT 100000 OFFSET 0
[2019-03-25T10:03:00,190][INFO ][logstash.inputs.jdbc     ] (0.001626s) SELECT CAST(current_setting('server_version_num') AS integer) AS v
[2019-03-25T10:03:00,198][INFO ][logstash.inputs.jdbc     ] (0.005510s) SELECT count(*) AS "count" FROM (select *,'https://'||ip||'/appfiles'||(regexp_matches(path,'\/[^\/]*\/\d{14,15}\/.*'))[1] as link from face_recognition_call where start_date >= '2019-03-25 10:02:00.104538-0300'::timestamp - interval '1 minute'  order by start_date) AS "t1" LIMIT 1
[2019-03-25T10:03:00,210][INFO ][logstash.inputs.jdbc     ] (0.009507s) SELECT * FROM (select *,'https://'||ip||'/appfiles'||(regexp_matches(path,'\/[^\/]*\/\d{14,15}\/.*'))[1] as link from face_recognition_call where start_date >= '2019-03-25 10:02:00.104538-0300'::timestamp - interval '1 minute'  order by start_date) AS "t1" LIMIT 100000 OFFSET 0
[2019-03-25T10:03:00,211][INFO ][logstash.inputs.jdbc     ] (0.003515s) SELECT CAST(current_setting('server_version_num') AS integer) AS v
[2019-03-25T10:03:00,450][INFO ][logstash.inputs.jdbc     ] (0.235701s) SELECT count(*) AS "count" FROM (select * from cache_landmarks where save_date >= '2019-03-25 10:02:00.105485-0300'::timestamp - interval '1 minute' order by save_date) AS "t1" LIMIT 1
[2019-03-25T10:03:00,657][INFO ][logstash.inputs.jdbc     ] (0.204305s) SELECT * FROM (select * from cache_landmarks where save_date >= '2019-03-25 10:02:00.105485-0300'::timestamp - interval '1 minute' order by save_date) AS "t1" LIMIT 100000 OFFSET 0
[2019-03-25T10:04:00,277][INFO ][logstash.inputs.jdbc     ] (0.001643s) SELECT CAST(current_setting('server_version_num') AS integer) AS v
[2019-03-25T10:04:00,282][INFO ][logstash.inputs.jdbc     ] (0.003138s) SELECT count(*) AS "count" FROM (select *,'https://'||ip||'/appfiles'||(regexp_matches(path,'\/[^\/]*\/\d{14,15}\/.*'))[1] as link from face_recognition_call where start_date >= '2019-03-25 10:03:00.187447-0300'::timestamp - interval '1 minute'  order by start_date) AS "t1" LIMIT 1
[2019-03-25T10:04:00,287][INFO ][logstash.inputs.jdbc     ] (0.002738s) SELECT * FROM (select *,'https://'||ip||'/appfiles'||(regexp_matches(path,'\/[^\/]*\/\d{14,15}\/.*'))[1] as link from face_recognition_call where start_date >= '2019-03-25 10:03:00.187447-0300'::timestamp - interval '1 minute'  order by start_date) AS "t1" LIMIT 100000 OFFSET 0
[2019-03-25T10:04:00,291][INFO ][logstash.inputs.jdbc     ] (0.001739s) SELECT CAST(current_setting('server_version_num') AS integer) AS v
[2019-03-25T10:04:00,477][INFO ][logstash.inputs.jdbc     ] (0.183873s) SELECT count(*) AS "count" FROM (select * from cache_landmarks where save_date >= '2019-03-25 10:03:00.206847-0300'::timestamp - interval '1 minute' order by save_date) AS "t1" LIMIT 1
[2019-03-25T10:04:00,673][INFO ][logstash.inputs.jdbc     ] (0.192882s) SELECT * FROM (select * from cache_landmarks where save_date >= '2019-03-25 10:03:00.206847-0300'::timestamp - interval '1 minute' order by save_date) AS "t1" LIMIT 100000 OFFSET 0
